0 info it worked if it ends with ok
1 verbose cli [ 'C:\\Program Files\\nodejs\\node.exe',
1 verbose cli   'C:\\Program Files\\nodejs\\node_modules\\npm\\bin\\npm-cli.js',
1 verbose cli   'run',
1 verbose cli   'start' ]
2 info using npm@3.10.10
3 info using node@v6.11.0
4 verbose run-script [ 'prestart', 'start', 'poststart' ]
5 info lifecycle bangumi-new-wiki-helper@1.0.0~prestart: bangumi-new-wiki-helper@1.0.0
6 silly lifecycle bangumi-new-wiki-helper@1.0.0~prestart: no script for prestart, continuing
7 info lifecycle bangumi-new-wiki-helper@1.0.0~start: bangumi-new-wiki-helper@1.0.0
8 verbose lifecycle bangumi-new-wiki-helper@1.0.0~start: unsafe-perm in lifecycle true
9 verbose lifecycle bangumi-new-wiki-helper@1.0.0~start: PATH: C:\Users\alan\AppData\Roaming\nvm\v6.11.0\node_modules\npm\bin\node-gyp-bin;E:\test\bangumi-new-wiki-helper\node_modules\.bin;C:\ProgramData\Oracle\Java\javapath;C:\Python36\Scripts\;C:\Python36\;C:\windows\system32;C:\windows;C:\windows\System32\Wbem;C:\windows\System32\WindowsPowerShell\v1.0\;C:\Users\alan\AppData\Roaming\nvm;C:\Program Files\nodejs;C:\Program Files\PuTTY\;C:\Program Files (x86)\Yarn\bin;e:\Program Files\Git\cmd;C:\Users\alan\AppData\Roaming\nvm;C:\Program Files\nodejs;C:\tools;C:\Users\alan\AppData\Local\Yarn\bin;;e:\Program Files\Microsoft VS Code\bin;;C:\Program Files\CMake\bin;
10 verbose lifecycle bangumi-new-wiki-helper@1.0.0~start: CWD: E:\test\bangumi-new-wiki-helper
11 silly lifecycle bangumi-new-wiki-helper@1.0.0~start: Args: [ '/d /s /c',
11 silly lifecycle   'web-ext run -f "E:\\Program Files\\Mozilla Firefox\\firefox.exe" -s extension/' ]
12 silly lifecycle bangumi-new-wiki-helper@1.0.0~start: Returned: code: 3221225786  signal: null
13 info lifecycle bangumi-new-wiki-helper@1.0.0~start: Failed to exec start script
14 verbose stack Error: bangumi-new-wiki-helper@1.0.0 start: `web-ext run -f "E:\Program Files\Mozilla Firefox\firefox.exe" -s extension/`
14 verbose stack Exit status 3221225786
14 verbose stack     at EventEmitter.<anonymous> (C:\Users\alan\AppData\Roaming\nvm\v6.11.0\node_modules\npm\lib\utils\lifecycle.js:255:16)
14 verbose stack     at emitTwo (events.js:106:13)
14 verbose stack     at EventEmitter.emit (events.js:191:7)
14 verbose stack     at ChildProcess.<anonymous> (C:\Users\alan\AppData\Roaming\nvm\v6.11.0\node_modules\npm\lib\utils\spawn.js:40:14)
14 verbose stack     at emitTwo (events.js:106:13)
14 verbose stack     at ChildProcess.emit (events.js:191:7)
14 verbose stack     at maybeClose (internal/child_process.js:891:16)
14 verbose stack     at Process.ChildProcess._handle.onexit (internal/child_process.js:226:5)
15 verbose pkgid bangumi-new-wiki-helper@1.0.0
16 verbose cwd E:\test\bangumi-new-wiki-helper
17 error Windows_NT 6.1.7601
18 error argv "C:\\Program Files\\nodejs\\node.exe" "C:\\Program Files\\nodejs\\node_modules\\npm\\bin\\npm-cli.js" "run" "start"
19 error node v6.11.0
20 error npm  v3.10.10
21 error code ELIFECYCLE
22 error bangumi-new-wiki-helper@1.0.0 start: `web-ext run -f "E:\Program Files\Mozilla Firefox\firefox.exe" -s extension/`
22 error Exit status 3221225786
23 error Failed at the bangumi-new-wiki-helper@1.0.0 start script 'web-ext run -f "E:\Program Files\Mozilla Firefox\firefox.exe" -s extension/'.
23 error Make sure you have the latest version of node.js and npm installed.
23 error If you do, this is most likely a problem with the bangumi-new-wiki-helper package,
23 error not with npm itself.
23 error Tell the author that this fails on your system:
23 error     web-ext run -f "E:\Program Files\Mozilla Firefox\firefox.exe" -s extension/
23 error You can get information on how to open an issue for this project with:
23 error     npm bugs bangumi-new-wiki-helper
23 error Or if that isn't available, you can get their info via:
23 error     npm owner ls bangumi-new-wiki-helper
23 error There is likely additional logging output above.
24 verbose exit [ 1, true ]
